** Sat Sep 06 2014 16:21:04 GMT+0100 (BST): File Request - /icondd.png
     ** ERROR 404 ** File not found

     ** ERROR 404 ** File not found

** Sat Sep 06 2014 16:21:10 GMT+0100 (BST): File Request - /icondd.png
** Sat Sep 06 2014 16:21:10 GMT+0100 (BST): File Request - /icondd.png
     ** ERROR 404 ** File not found

** Sat Sep 06 2014 16:21:10 GMT+0100 (BST): File Request - /icon.png
** Sat Sep 06 2014 16:21:11 GMT+0100 (BST): File Request - /images/icon.png
     ** ERROR 404 ** File not found

** Sat Sep 06 2014 16:21:12 GMT+0100 (BST): File Request - /
     ** ERROR 404 ** File not found

** Sat Sep 06 2014 16:21:13 GMT+0100 (BST): File Request - /
     ** ERROR 404 ** File not found

** Sat Sep 06 2014 16:21:17 GMT+0100 (BST): File Request - /
     ** ERROR 404 ** File not found

** Sat Sep 06 2014 16:21:17 GMT+0100 (BST): File Request - /
     ** ERROR 404 ** File not found

** Sat Sep 06 2014 16:21:23 GMT+0100 (BST): File Request - /ssdsda/asdasdasd
     ** ERROR 404 ** File not found

** Sat Sep 06 2014 16:33:46 GMT+0100 (BST): File Request - /ssdsda/asdasdasd
     ** ERROR 404 ** File not found

** Sat Sep 06 2014 16:34:15 GMT+0100 (BST): File Request - /ssdsda/asdasdasd
     ** ERROR 404 ** File not found

** Sat Sep 06 2014 16:34:15 GMT+0100 (BST): File Request - /ssdsda/asdasdasd
     ** ERROR 404 ** File not found

** Sat Sep 06 2014 16:34:16 GMT+0100 (BST): File Request - /
     ** ERROR 404 ** File not found

** Sat Sep 06 2014 16:34:20 GMT+0100 (BST): File Request - /test
     ** ERROR 404 ** File not found

** Sat Sep 06 2014 16:34:31 GMT+0100 (BST): File Request - /test
     ** ERROR 404 ** File not found

** Sat Sep 06 2014 16:34:31 GMT+0100 (BST): File Request - /test
     ** ERROR 404 ** File not found

** Sat Sep 06 2014 16:34:31 GMT+0100 (BST): File Request - /
     ** ERROR 404 ** File not found

** Sat Sep 06 2014 16:34:32 GMT+0100 (BST): File Request - /
     ** ERROR 404 ** File not found

** Sat Sep 06 2014 16:35:12 GMT+0100 (BST): File Request - /
     ** ERROR 404 ** File not found

     ** ERROR 404 ** File not found

** Sat Sep 06 2014 16:35:15 GMT+0100 (BST): File Request - /
** Sat Sep 06 2014 16:35:15 GMT+0100 (BST): File Request - /
     ** ERROR 404 ** File not found

** Sat Sep 06 2014 16:35:21 GMT+0100 (BST): File Request - /
     ** ERROR 404 ** File not found

     ** ERROR 404 ** File not found

** Sat Sep 06 2014 16:50:14 GMT+0100 (BST): File Request - /
** Sat Sep 06 2014 16:50:19 GMT+0100 (BST): File Request - /
     ** ERROR 404 ** File not found

** Sat Sep 06 2014 16:50:19 GMT+0100 (BST): File Request - /
     ** ERROR 404 ** File not found

** Sat Sep 06 2014 16:50:22 GMT+0100 (BST): File Request - /icon.png
     Request processed as mimetype: image/png

** Sat Sep 06 2014 16:50:30 GMT+0100 (BST): File Request - /icon.png
     Request processed as mimetype: image/png

** Sat Sep 06 2014 16:50:30 GMT+0100 (BST): File Request - /icon.png
     Request processed as mimetype: image/png

** Sat Sep 06 2014 16:50:31 GMT+0100 (BST): File Request - /images/icon.png
     ** ERROR 404 ** File not found

** Sat Sep 06 2014 16:50:31 GMT+0100 (BST): File Request - /
     ** ERROR 404 ** File not found

** Sat Sep 06 2014 16:50:33 GMT+0100 (BST): File Request - /ssdsda/asdasdasd
     ** ERROR 404 ** File not found

** Sat Sep 06 2014 16:50:42 GMT+0100 (BST): File Request - /ssdsda/asdasdasd
     ** ERROR 404 ** File not found

** Sat Sep 06 2014 16:50:42 GMT+0100 (BST): File Request - /
     ** ERROR 404 ** File not found

** Sat Sep 06 2014 16:50:46 GMT+0100 (BST): File Request - /fileserver.log
     Request processed as mimetype: text/plain

** Sat Sep 06 2014 16:50:53 GMT+0100 (BST): File Request - /fileserver.log
     Request processed as mimetype: text/plain

** Sat Sep 06 2014 16:50:58 GMT+0100 (BST): File Request - /fileserver.log
     Request processed as mimetype: text/plain

Hello from REPL Consle!
** Sat Sep 06 2014 16:52:41 GMT+0100 (BST): File Request - /fileserver.log
     Request processed as mimetype: text/plain

** Sat Sep 06 2014 17:01:57 GMT+0100 (BST): File Request - /fileserver.log
     Request processed as mimetype: text/plain

** Sat Sep 06 2014 17:01:57 GMT+0100 (BST): File Request - /fileserver.log
     Request processed as mimetype: text/plain

** Sat Sep 06 2014 17:02:19 GMT+0100 (BST): File Request - /fileserver.log
     Request processed as mimetype: text/plain

** Sat Sep 06 2014 17:03:46 GMT+0100 (BST): File Request - /fileserver.log
     Request processed as mimetype: text/plain

** Sat Sep 06 2014 17:03:46 GMT+0100 (BST): File Request - /fileserver.log
     Request processed as mimetype: text/plain

** Sat Sep 06 2014 17:03:52 GMT+0100 (BST): File Request - /fileserver.log
     Request processed as mimetype: text/plain

** Sat Sep 06 2014 17:04:07 GMT+0100 (BST): File Request - /fileserver.log
     Request processed as mimetype: text/plain

** Sat Sep 06 2014 17:04:07 GMT+0100 (BST): File Request - /fileserver.log
     Request processed as mimetype: text/plain

** Sat Sep 06 2014 17:04:08 GMT+0100 (BST): File Request - /fileserver.log
     Request processed as mimetype: text/plain

** Sat Sep 06 2014 17:04:08 GMT+0100 (BST): File Request - /fileserver.log
     Request processed as mimetype: text/plain

     Request processed as mimetype: text/plain

** Sat Sep 06 2014 17:04:09 GMT+0100 (BST): File Request - /fileserver.log
** Sat Sep 06 2014 17:04:17 GMT+0100 (BST): File Request - /
     ** ERROR 404 ** File not found

** Sat Sep 06 2014 17:05:06 GMT+0100 (BST): File Request - /
     ** ERROR 404 ** File not found

     ** ERROR 404 ** File not found

** Sat Sep 06 2014 17:05:06 GMT+0100 (BST): File Request - /favicon.ico
** Sat Sep 06 2014 17:11:09 GMT+0100 (BST): File Request - /
     ** ERROR 404 ** File not found

     ** ERROR 404 ** File not found

** Sat Sep 06 2014 17:11:09 GMT+0100 (BST): File Request - /
** Sat Sep 06 2014 17:12:09 GMT+0100 (BST): File Request - /
     ** ERROR 404 ** File not found

** Sat Sep 06 2014 17:12:50 GMT+0100 (BST): File Request - /
     ** ERROR 404 ** File not found

** Sat Sep 06 2014 17:12:53 GMT+0100 (BST): File Request - /
     ** ERROR 404 ** File not found

** Sat Sep 06 2014 17:12:53 GMT+0100 (BST): File Request - /
     ** ERROR 404 ** File not found

** Sat Sep 06 2014 17:12:55 GMT+0100 (BST): File Request - /images/icon.png
     ** ERROR 404 ** File not found

** Sat Sep 06 2014 17:12:55 GMT+0100 (BST): File Request - /icon.png
     Request processed as mimetype: image/png

** Sat Sep 06 2014 17:13:09 GMT+0100 (BST): File Request - /icon.png
     Request processed as mimetype: image/png

** Sat Sep 06 2014 17:13:09 GMT+0100 (BST): File Request - /icon.png
     Request processed as mimetype: image/png

** Sat Sep 06 2014 17:13:11 GMT+0100 (BST): File Request - /
     ** ERROR 404 ** File not found

** Sat Sep 06 2014 17:13:12 GMT+0100 (BST): File Request - /
     ** ERROR 404 ** File not found

** Sat Sep 06 2014 17:20:24 GMT+0100 (BST): File Request - /
     ** ERROR 404 ** File not found

** Sat Sep 06 2014 17:21:36 GMT+0100 (BST): File Request - /
     ** ERROR 404 ** File not found

** Sat Sep 06 2014 17:21:36 GMT+0100 (BST): File Request - /favicon.ico
     ** ERROR 404 ** File not found

** Sat Sep 06 2014 17:22:40 GMT+0100 (BST): File Request - /
     Request processed as mimetype: text/html

